2022-12-01 01:03:01,493 DEBUG [main] InternalLoggerFactory:89 - Using Log4J as the default logging framework
2022-12-01 01:03:01,507 DEBUG [main] ResourceLeakDetector:129 - -Dio.netty.leakDetection.level: simple
2022-12-01 01:03:01,508 DEBUG [main] ResourceLeakDetector:130 - -Dio.netty.leakDetection.targetRecords: 4
2022-12-01 01:03:01,519 DEBUG [main] ResourceLeakDetectorFactory:196 - Loaded default ResourceLeakDetector: io.netty.util.ResourceLeakDetector@5038d0b5
2022-12-01 01:03:01,550 DEBUG [main] PlatformDependent0:496 - -Dio.netty.noUnsafe: false
2022-12-01 01:03:01,551 DEBUG [main] PlatformDependent0:1000 - Java version: 17
2022-12-01 01:03:01,554 DEBUG [main] PlatformDependent0:137 - sun.misc.Unsafe.theUnsafe: available
2022-12-01 01:03:01,555 DEBUG [main] PlatformDependent0:161 - sun.misc.Unsafe.copyMemory: available
2022-12-01 01:03:01,556 DEBUG [main] PlatformDependent0:193 - sun.misc.Unsafe.storeFence: available
2022-12-01 01:03:01,557 DEBUG [main] PlatformDependent0:236 - java.nio.Buffer.address: available
2022-12-01 01:03:01,558 DEBUG [main] PlatformDependent0:320 - direct buffer constructor: unavailable: Reflective setAccessible(true) disabled
2022-12-01 01:03:01,559 DEBUG [main] PlatformDependent0:385 - java.nio.Bits.unaligned: available, true
2022-12-01 01:03:01,560 DEBUG [main] PlatformDependent0:452 - jdk.internal.misc.Unsafe.allocateUninitializedArray(int): unavailable: class io.netty.util.internal.PlatformDependent0$7 cannot access class jdk.internal.misc.Unsafe (in module java.base) because module java.base does not export jdk.internal.misc to unnamed module @60704c
2022-12-01 01:03:01,562 DEBUG [main] PlatformDependent0:482 - java.nio.DirectByteBuffer.<init>(long, int): unavailable
2022-12-01 01:03:01,562 DEBUG [main] PlatformDependent:1159 - sun.misc.Unsafe: available
2022-12-01 01:03:01,564 DEBUG [main] PlatformDependent:1270 - maxDirectMemory: 4261412864 bytes (maybe)
2022-12-01 01:03:01,567 DEBUG [main] PlatformDependent:1289 - -Dio.netty.tmpdir: C:\Users\user\AppData\Local\Temp (java.io.tmpdir)
2022-12-01 01:03:01,567 DEBUG [main] PlatformDependent:1368 - -Dio.netty.bitMode: 64 (sun.arch.data.model)
2022-12-01 01:03:01,568 DEBUG [main] PlatformDependent:1119 - Platform: Windows
2022-12-01 01:03:01,569 DEBUG [main] PlatformDependent:178 - -Dio.netty.maxDirectMemory: -1 bytes
2022-12-01 01:03:01,570 DEBUG [main] PlatformDependent:185 - -Dio.netty.uninitializedArrayAllocationThreshold: -1
2022-12-01 01:03:01,571 DEBUG [main] CleanerJava9:71 - java.nio.ByteBuffer.cleaner(): available
2022-12-01 01:03:01,572 DEBUG [main] PlatformDependent:205 - -Dio.netty.noPreferDirect: false
2022-12-01 01:03:01,584 DEBUG [main] PlatformDependent:1010 - org.jctools-core.MpscChunkedArrayQueue: available
2022-12-01 01:03:01,609 DEBUG [main] InternalThreadLocalMap:86 - -Dio.netty.threadLocalMap.stringBuilder.initialSize: 1024
2022-12-01 01:03:01,609 DEBUG [main] InternalThreadLocalMap:89 - -Dio.netty.threadLocalMap.stringBuilder.maxSize: 4096
2022-12-01 01:03:01,869 DEBUG [main] JdkSslContext:83 - Default protocols (JDK): [TLSv1.3, TLSv1.2] 
2022-12-01 01:03:01,870 DEBUG [main] JdkSslContext:84 - Default cipher suites (JDK): [TLS_ECDHE_ECDSA_WITH_AES_256_GCM_SHA384, TLS_ECDHE_ECDSA_WITH_AES_128_GCM_SHA256, TLS_ECDHE_RSA_WITH_AES_128_GCM_SHA256, TLS_ECDHE_RSA_WITH_AES_256_GCM_SHA384, TLS_ECDHE_RSA_WITH_AES_128_CBC_SHA, TLS_ECDHE_RSA_WITH_AES_256_CBC_SHA, TLS_RSA_WITH_AES_128_GCM_SHA256, TLS_RSA_WITH_AES_128_CBC_SHA, TLS_RSA_WITH_AES_256_CBC_SHA, TLS_AES_128_GCM_SHA256, TLS_AES_256_GCM_SHA384]
2022-12-01 01:03:01,907 DEBUG [main] MultithreadEventLoopGroup:44 - -Dio.netty.eventLoopThreads: 16
2022-12-01 01:03:01,920 DEBUG [main] NioEventLoop:110 - -Dio.netty.noKeySetOptimization: false
2022-12-01 01:03:01,921 DEBUG [main] NioEventLoop:111 - -Dio.netty.selectorAutoRebuildThreshold: 512
2022-12-01 01:03:02,011 DEBUG [main] PooledByteBufAllocator:157 - -Dio.netty.allocator.numHeapArenas: 16
2022-12-01 01:03:02,012 DEBUG [main] PooledByteBufAllocator:158 - -Dio.netty.allocator.numDirectArenas: 16
2022-12-01 01:03:02,012 DEBUG [main] PooledByteBufAllocator:160 - -Dio.netty.allocator.pageSize: 8192
2022-12-01 01:03:02,013 DEBUG [main] PooledByteBufAllocator:165 - -Dio.netty.allocator.maxOrder: 9
2022-12-01 01:03:02,013 DEBUG [main] PooledByteBufAllocator:169 - -Dio.netty.allocator.chunkSize: 4194304
2022-12-01 01:03:02,014 DEBUG [main] PooledByteBufAllocator:170 - -Dio.netty.allocator.smallCacheSize: 256
2022-12-01 01:03:02,014 DEBUG [main] PooledByteBufAllocator:171 - -Dio.netty.allocator.normalCacheSize: 64
2022-12-01 01:03:02,015 DEBUG [main] PooledByteBufAllocator:172 - -Dio.netty.allocator.maxCachedBufferCapacity: 32768
2022-12-01 01:03:02,015 DEBUG [main] PooledByteBufAllocator:173 - -Dio.netty.allocator.cacheTrimInterval: 8192
2022-12-01 01:03:02,016 DEBUG [main] PooledByteBufAllocator:174 - -Dio.netty.allocator.cacheTrimIntervalMillis: 0
2022-12-01 01:03:02,016 DEBUG [main] PooledByteBufAllocator:175 - -Dio.netty.allocator.useCacheForAllThreads: false
2022-12-01 01:03:02,017 DEBUG [main] PooledByteBufAllocator:176 - -Dio.netty.allocator.maxCachedByteBuffersPerChunk: 1023
2022-12-01 01:03:02,034 DEBUG [main] ByteBufUtil:87 - -Dio.netty.allocator.type: pooled
2022-12-01 01:03:02,035 DEBUG [main] ByteBufUtil:96 - -Dio.netty.threadLocalDirectBufferSize: 0
2022-12-01 01:03:02,035 DEBUG [main] ByteBufUtil:99 - -Dio.netty.maxThreadLocalCharBufferSize: 16384
2022-12-01 01:03:02,541 DEBUG [Forwarding newSession on session null to remote] DefaultChannelId:79 - -Dio.netty.processId: 27704 (auto-detected)
2022-12-01 01:03:02,545 DEBUG [Forwarding newSession on session null to remote] NetUtil:136 - -Djava.net.preferIPv4Stack: false
2022-12-01 01:03:02,546 DEBUG [Forwarding newSession on session null to remote] NetUtil:137 - -Djava.net.preferIPv6Addresses: false
2022-12-01 01:03:02,558 DEBUG [Forwarding newSession on session null to remote] NetUtilInitializations:129 - Loopback interface: lo (Software Loopback Interface 1, 127.0.0.1)
2022-12-01 01:03:02,560 DEBUG [Forwarding newSession on session null to remote] NetUtil:191 - Failed to get SOMAXCONN from sysctl and file \proc\sys\net\core\somaxconn. Default: 200
2022-12-01 01:03:02,592 DEBUG [Forwarding newSession on session null to remote] DefaultChannelId:101 - -Dio.netty.machineId: ec:55:f9:ff:fe:5e:d9:d1 (auto-detected)
2022-12-01 01:03:02,684 DEBUG [AsyncHttpClient-1-2] AbstractByteBuf:63 - -Dio.netty.buffer.checkAccessible: true
2022-12-01 01:03:02,685 DEBUG [AsyncHttpClient-1-2] AbstractByteBuf:64 - -Dio.netty.buffer.checkBounds: true
2022-12-01 01:03:02,685 DEBUG [AsyncHttpClient-1-2] ResourceLeakDetectorFactory:196 - Loaded default ResourceLeakDetector: io.netty.util.ResourceLeakDetector@108da3f0
2022-12-01 01:03:02,723 DEBUG [AsyncHttpClient-1-2] Recycler:85 - -Dio.netty.recycler.maxCapacityPerThread: 4096
2022-12-01 01:03:02,724 DEBUG [AsyncHttpClient-1-2] Recycler:86 - -Dio.netty.recycler.ratio: 8
2022-12-01 01:03:02,724 DEBUG [AsyncHttpClient-1-2] Recycler:87 - -Dio.netty.recycler.chunkSize: 32
2022-12-01 01:03:02,725 DEBUG [AsyncHttpClient-1-2] Recycler:88 - -Dio.netty.recycler.blocking: false
2022-12-01 01:03:03,581 DEBUG [AsyncHttpClient-1-2] Brotli:38 - brotli4j not in the classpath; Brotli support will be unavailable.
2022-12-01 01:03:03,761 DEBUG [main] ThreadLocalRandom:214 - -Dio.netty.initialSeedUniquifier: 0x6ed97f1651296903
2022-12-01 01:03:13,399  INFO [main] Password:62 - *****************Test case passed ******************
2022-12-01 01:03:27,710  INFO [main] LetGoTest:46 - *****************Test case passed ******************
